Arguments: 
  /Users/monicaparra/.nvm/versions/node/v8.14.0/bin/node /Users/monicaparra/.yarn/bin/yarn.js add mkdocs-jwplayer

PATH: 
  /Users/monicaparra/.nvm/versions/node/v8.14.0/bin:/Users/monicaparra/.yarn/bin:/Users/monicaparra/.config/yarn/global/node_modules/.bin:/Users/monicaparra/.npm-global/bin:/usr/local/bin:/usr/local/sbin:/usr/local/bin:/usr/bin:/bin:/usr/sbin:/sbin

Yarn version: 
  1.15.2

Node version: 
  8.14.0

Platform: 
  darwin x64

Trace: 
  Error: https://registry.npmjs.com/mkdocs-jwplayer: Not found
      at Request.params.callback [as _callback] (/Users/monicaparra/.yarn/lib/cli.js:66058:18)
      at Request.self.callback (/Users/monicaparra/.yarn/lib/cli.js:129541:22)
      at emitTwo (events.js:126:13)
      at Request.emit (events.js:214:7)
      at Request.<anonymous> (/Users/monicaparra/.yarn/lib/cli.js:130513:10)
      at emitOne (events.js:116:13)
      at Request.emit (events.js:211:7)
      at IncomingMessage.<anonymous> (/Users/monicaparra/.yarn/lib/cli.js:130435:12)
      at Object.onceWrapper (events.js:313:30)
      at emitNone (events.js:111:20)

npm manifest: 
  {
    "name": "jwplayer-ios-sdk-v3",
    "devDependencies": {
      "grunt": "^1.0.1",
      "grunt-mkdocs-jwplayer": "github:jwplayer/grunt-mkdocs-jwplayer"
    }
  }

yarn manifest: 
  No manifest

Lockfile: 
  No lockfile
